+ /proj/110402_SocketCan*
+ /proj/090101_Y746
- /proj/110912_istruct*
- /proj/110615_NDLCom*
- /proj/110909_FPGA*
- /proj/110909_See_Grip*
- /Dokumente
- /DFKI.install
- /.*
- /.gem/
- /.gvfs
- /Dropbox*
+ /ebooks
- /encfs
- /groupfiles
- /iStruct
- /lf5
- /luatex-cache
- /Mail
- /mov
- /Musik
- /News
- /*ffentlich
- /Podcasts
- /Research
- /SeeGrip
- /software
- /Thunderbird Attachments
- /tmp
- /Ubunutu\ One
- /User
- /Verwaltung
- /Videos
- /Vorlagen
+ /symbolic_links
+ /Downloads
+ /Desktop
+ /installed-software